<?xml version="1.0" encoding="UTF-8"?>
<testng-results ignored="0" total="1" passed="1" failed="0" skipped="0">
  <reporter-output>
  </reporter-output>
  <suite started-at="2025-06-09T14:21:42 IST" name="Default suite" finished-at="2025-06-09T14:21:50 IST" duration-ms="8411">
    <groups>
    </groups>
    <test started-at="2025-06-09T14:21:42 IST" name="Default test" finished-at="2025-06-09T14:21:50 IST" duration-ms="8411">
      <class name="tests.SignUpTests">
        <test-method is-config="true" signature="setUp(java.lang.String)[pri:0, instance:tests.SignUpTests@606e4010]" started-at="2025-06-09T14:21:42 IST" name="setUp" finished-at="2025-06-09T14:21:47 IST" duration-ms="5404" status="PASS">
          <params>
            <param index="0">
              <value>
                <![CDATA[chrome]]>
              </value>
            </param>
          </params>
          <reporter-output>
          </reporter-output>
        </test-method> <!-- setUp -->
        <test-method signature="testUserSignUp()[pri:0, instance:tests.SignUpTests@606e4010]" started-at="2025-06-09T14:21:47 IST" name="testUserSignUp" finished-at="2025-06-09T14:21:50 IST" duration-ms="2492" status="PASS">
          <reporter-output>
          </reporter-output>
        </test-method> <!-- testUserSignUp -->
        <test-method is-config="true" signature="tearDown()[pri:0, instance:tests.SignUpTests@606e4010]" started-at="2025-06-09T14:21:50 IST" name="tearDown" finished-at="2025-06-09T14:21:50 IST" duration-ms="400" status="PASS">
          <reporter-output>
          </reporter-output>
        </test-method> <!-- tearDown -->
      </class> <!-- tests.SignUpTests -->
    </test> <!-- Default test -->
  </suite> <!-- Default suite -->
</testng-results>
